[server-1] Server initialized
[server-1] Server started on port 50052
[server-1] Ready to process requests...
[server-1] Processed request req-000000 (256x256) in 301.64ms
[server-1] Processed request req-000001 (512x512) in 1234.01ms
[server-1] Processed request req-000003 (512x512) in 1272.24ms
[server-1] Processed request req-000005 (512x512) in 1240.90ms
[server-1] Processed request req-000006 (256x256) in 303.94ms
[server-1] Processed request req-000007 (512x512) in 1244.20ms
[server-1] Processed request req-000008 (256x256) in 305.74ms
[server-1] Processed request req-000009 (512x512) in 1216.42ms
[server-1] Processed request req-000010 (256x256) in 292.47ms
[server-1] Processed request req-000011 (512x512) in 1217.87ms
[server-1] Processed request req-000012 (256x256) in 300.51ms
[server-1] Processed request req-000013 (512x512) in 1254.91ms
[server-1] Processed request req-000014 (256x256) in 303.87ms
[server-1] Processed request req-000015 (512x512) in 1227.29ms
[server-1] Processed request req-000016 (256x256) in 303.55ms
[server-1] Processed request req-000017 (512x512) in 1246.45ms
[server-1] Processed request req-000018 (256x256) in 303.94ms
[server-1] Processed request req-000019 (512x512) in 1241.56ms
[server-1] Processed request req-000020 (256x256) in 306.44ms
[server-1] Processed request req-000021 (512x512) in 1205.57ms
[server-1] Processed request req-000022 (256x256) in 322.95ms
[server-1] Processed request req-000023 (512x512) in 1245.96ms
[server-1] Processed request req-000024 (256x256) in 307.35ms
[server-1] Processed request req-000025 (512x512) in 1236.59ms
[server-1] Processed request req-000026 (256x256) in 413.67ms
[server-1] Processed request req-000027 (512x512) in 1398.43ms
[server-1] Processed request req-000028 (256x256) in 313.86ms
[server-1] Processed request req-000029 (512x512) in 1275.63ms
[server-1] Processed request req-000030 (256x256) in 313.56ms
[server-1] Processed request req-000036 (256x256) in 619.96ms
[server-1] Processed request req-000031 (512x512) in 16565.71ms
[server-1] Processed request req-000037 (512x512) in 1248.76ms
[server-1] Processed request req-000038 (256x256) in 289.30ms
[server-1] Processed request req-000039 (512x512) in 1185.00ms
[server-1] Processed request req-000040 (256x256) in 292.42ms
[server-1] Processed request req-000041 (512x512) in 1193.52ms
[server-1] Processed request req-000042 (256x256) in 285.81ms
[server-1] Processed request req-000043 (512x512) in 1204.56ms
[server-1] Processed request req-000044 (256x256) in 286.80ms
[server-1] Processed request req-000045 (512x512) in 1231.63ms
[server-1] Processed request req-000046 (256x256) in 301.99ms
[server-1] Processed request req-000047 (512x512) in 1253.77ms
[server-1] Processed request req-000048 (256x256) in 290.06ms
[server-1] Processed request req-000049 (512x512) in 1262.29ms
[server-1] Processed request req-000050 (256x256) in 311.64ms
[server-1] Processed request req-000051 (512x512) in 1229.41ms
[server-1] Processed request req-000052 (256x256) in 310.63ms
[server-1] Processed request req-000053 (512x512) in 1203.03ms
[server-1] Processed request req-000054 (256x256) in 297.16ms
[server-1] Processed request req-000055 (512x512) in 1231.49ms
[server-1] Processed request req-000056 (256x256) in 292.02ms
[server-1] Processed request req-000057 (512x512) in 1206.23ms
[server-1] Processed request req-000058 (256x256) in 309.39ms
[server-1] Processed request req-000059 (512x512) in 1174.45ms
[server-1] Processed request req-000060 (256x256) in 291.72ms
[server-1] Processed request req-000061 (512x512) in 1202.69ms
[server-1] Processed request req-000062 (256x256) in 297.46ms
[server-1] Processed request req-000063 (512x512) in 1185.62ms
[server-1] Processed request req-000064 (256x256) in 294.40ms
[server-1] Processed request req-000065 (512x512) in 1208.50ms
[server-1] Processed request req-000066 (256x256) in 299.21ms
[server-1] Processed request req-000067 (512x512) in 1209.86ms
[server-1] Processed request req-000068 (256x256) in 291.25ms
[server-1] Processed request req-000069 (512x512) in 1350.44ms
[server-1] Processed request req-000070 (256x256) in 366.25ms
[server-1] Processed request req-000071 (512x512) in 1405.06ms
[server-1] Processed request req-000072 (256x256) in 353.50ms
[server-1] Processed request req-000073 (512x512) in 1447.78ms
[server-1] Processed request req-000074 (256x256) in 358.39ms
[server-1] Processed request req-000075 (512x512) in 1450.97ms
[server-1] Processed request req-000076 (256x256) in 361.68ms
[server-1] Processed request req-000077 (512x512) in 1470.24ms
[server-1] Processed request req-000078 (256x256) in 359.50ms
[server-1] Processed request req-000079 (512x512) in 1483.46ms
[server-1] Processed request req-000080 (256x256) in 396.40ms
[server-1] Processed request req-000081 (512x512) in 1483.46ms
[server-1] Processed request req-000082 (256x256) in 378.03ms
[server-1] Processed request req-000083 (512x512) in 1534.66ms
[server-1] Processed request req-000084 (256x256) in 385.60ms
[server-1] Processed request req-000085 (512x512) in 1410.58ms
[server-1] Processed request req-000086 (256x256) in 372.48ms
[server-1] Processed request req-000087 (512x512) in 1437.68ms
[server-1] Processed request req-000088 (256x256) in 357.79ms
[server-1] Processed request req-000089 (512x512) in 1454.24ms
[server-1] Processed request req-000090 (256x256) in 329.97ms
[server-1] Processed request req-000091 (512x512) in 1387.36ms
[server-1] Processed request req-000092 (256x256) in 340.80ms
[server-1] Processed request req-000093 (512x512) in 1332.02ms
[server-1] Processed request req-000094 (256x256) in 337.33ms
[server-1] Processed request req-000095 (512x512) in 1312.15ms
[server-1] Processed request req-000096 (256x256) in 334.87ms
[server-1] Processed request req-000097 (512x512) in 1493.36ms

[server-1] Shutting down gracefully...
